# JRE version: Java(TM) SE Runtime Environment (7.0_75-b13) (build 1.7.0_75-b13)
# Java VM: Java HotSpot(TM) 64-Bit Server VM (24.75-b04 mixed mode windows-amd64 compressed oops)
Heap
 PSYoungGen      total 1047040K, used 766375K [0x00000007c0000000, 0x0000000800000000, 0x0000000800000000)
  eden space 1045504K, 73% used [0x00000007c0000000,0x00000007eec31ed0,0x00000007ffd00000)
  from space 1536K, 14% used [0x00000007ffe80000,0x00000007ffeb8000,0x0000000800000000)
  to   space 1536K, 0% used [0x00000007ffd00000,0x00000007ffd00000,0x00000007ffe80000)
 ParOldGen       total 2097152K, used 776K [0x0000000740000000, 0x00000007c0000000, 0x00000007c0000000)
  object space 2097152K, 0% used [0x0000000740000000,0x00000007400c2060,0x00000007c0000000)
 PSPermGen       total 21504K, used 5454K [0x000000073ae00000, 0x000000073c300000, 0x0000000740000000)
  object space 21504K, 25% used [0x000000073ae00000,0x000000073b3539b8,0x000000073c300000)
GC Heap History (10 events):
Event: 15.296 GC heap before
{Heap before GC invocations=10 (full 0):
 PSYoungGen      total 1047040K, used 1045792K [0x00000007c0000000, 0x0000000800000000, 0x0000000800000000)
  eden space 1045504K, 100% used [0x00000007c0000000,0x00000007ffd00000,0x00000007ffd00000)
  from space 1536K, 18% used [0x00000007ffd00000,0x00000007ffd48000,0x00000007ffe80000)
  to   space 1536K, 0% used [0x00000007ffe80000,0x00000007ffe80000,0x0000000800000000)
 ParOldGen       total 2097152K, used 680K [0x0000000740000000, 0x00000007c0000000, 0x00000007c0000000)
  object space 2097152K, 0% used [0x0000000740000000,0x00000007400aa060,0x00000007c0000000)
 PSPermGen       total 21504K, used 5420K [0x000000073ae00000, 0x000000073c300000, 0x0000000740000000)
  object space 21504K, 25% used [0x000000073ae00000,0x000000073b34b088,0x000000073c300000)
Event: 15.297 GC heap after
Heap after GC invocations=10 (full 0):
 PSYoungGen      total 1047040K, used 224K [0x00000007c0000000, 0x0000000800000000, 0x0000000800000000)
  eden space 1045504K, 0% used [0x00000007c0000000,0x00000007c0000000,0x00000007ffd00000)
  from space 1536K, 14% used [0x00000007ffe80000,0x00000007ffeb8000,0x0000000800000000)
  to   space 1536K, 0% used [0x00000007ffd00000,0x00000007ffd00000,0x00000007ffe80000)
 ParOldGen       total 2097152K, used 736K [0x0000000740000000, 0x00000007c0000000, 0x00000007c0000000)
  object space 2097152K, 0% used [0x0000000740000000,0x00000007400b8060,0x00000007c0000000)
 PSPermGen       total 21504K, used 5420K [0x000000073ae00000, 0x000000073c300000, 0x0000000740000000)
  object space 21504K, 25% used [0x000000073ae00000,0x000000073b34b088,0x000000073c300000)
}
Event: 16.195 GC heap before
{Heap before GC invocations=11 (full 0):
 PSYoungGen      total 1047040K, used 1045728K [0x00000007c0000000, 0x0000000800000000, 0x0000000800000000)
  eden space 1045504K, 100% used [0x00000007c0000000,0x00000007ffd00000,0x00000007ffd00000)
  from space 1536K, 14% used [0x00000007ffe80000,0x00000007ffeb8000,0x0000000800000000)
  to   space 1536K, 0% used [0x00000007ffd00000,0x00000007ffd00000,0x00000007ffe80000)
 ParOldGen       total 2097152K, used 736K [0x0000000740000000, 0x00000007c0000000, 0x00000007c0000000)
  object space 2097152K, 0% used [0x0000000740000000,0x00000007400b8060,0x00000007c0000000)
 PSPermGen       total 21504K, used 5420K [0x000000073ae00000, 0x000000073c300000, 0x0000000740000000)
  object space 21504K, 25% used [0x000000073ae00000,0x000000073b34b3f8,0x000000073c300000)
Event: 16.196 GC heap after
Heap after GC invocations=11 (full 0):
 PSYoungGen      total 1047040K, used 224K [0x00000007c0000000, 0x0000000800000000, 0x0000000800000000)
  eden space 1045504K, 0% used [0x00000007c0000000,0x00000007c0000000,0x00000007ffd00000)
  from space 1536K, 14% used [0x00000007ffd00000,0x00000007ffd38000,0x00000007ffe80000)
  to   space 1536K, 0% used [0x00000007ffe80000,0x00000007ffe80000,0x0000000800000000)
 ParOldGen       total 2097152K, used 776K [0x0000000740000000, 0x00000007c0000000, 0x00000007c0000000)
  object space 2097152K, 0% used [0x0000000740000000,0x00000007400c2060,0x00000007c0000000)
 PSPermGen       total 21504K, used 5420K [0x000000073ae00000, 0x000000073c300000, 0x0000000740000000)
  object space 21504K, 25% used [0x000000073ae00000,0x000000073b34b3f8,0x000000073c300000)
}
Event: 17.082 GC heap before
{Heap before GC invocations=12 (full 0):
 PSYoungGen      total 1047040K, used 1045728K [0x00000007c0000000, 0x0000000800000000, 0x0000000800000000)
  eden space 1045504K, 100% used [0x00000007c0000000,0x00000007ffd00000,0x00000007ffd00000)
  from space 1536K, 14% used [0x00000007ffd00000,0x00000007ffd38000,0x00000007ffe80000)
  to   space 1536K, 0% used [0x00000007ffe80000,0x00000007ffe80000,0x0000000800000000)
 ParOldGen       total 2097152K, used 776K [0x0000000740000000, 0x00000007c0000000, 0x00000007c0000000)
  object space 2097152K, 0% used [0x0000000740000000,0x00000007400c2060,0x00000007c0000000)
 PSPermGen       total 21504K, used 5420K [0x000000073ae00000, 0x000000073c300000, 0x0000000740000000)
  object space 21504K, 25% used [0x000000073ae00000,0x000000073b34b3f8,0x000000073c300000)
Event: 17.091 GC heap after
Heap after GC invocations=12 (full 0):
 PSYoungGen      total 1047040K, used 224K [0x00000007c0000000, 0x0000000800000000, 0x0000000800000000)
  eden space 1045504K, 0% used [0x00000007c0000000,0x00000007c0000000,0x00000007ffd00000)
  from space 1536K, 14% used [0x00000007ffe80000,0x00000007ffeb8000,0x0000000800000000)
  to   space 1536K, 0% used [0x00000007ffd00000,0x00000007ffd00000,0x00000007ffe80000)
 ParOldGen       total 2097152K, used 776K [0x0000000740000000, 0x00000007c0000000, 0x00000007c0000000)
  object space 2097152K, 0% used [0x0000000740000000,0x00000007400c2060,0x00000007c0000000)
 PSPermGen       total 21504K, used 5420K [0x000000073ae00000, 0x000000073c300000, 0x0000000740000000)
  object space 21504K, 25% used [0x000000073ae00000,0x000000073b34b3f8,0x000000073c300000)
}
Event: 17.974 GC heap before
{Heap before GC invocations=13 (full 0):
 PSYoungGen      total 1047040K, used 1045728K [0x00000007c0000000, 0x0000000800000000, 0x0000000800000000)
  eden space 1045504K, 100% used [0x00000007c0000000,0x00000007ffd00000,0x00000007ffd00000)
  from space 1536K, 14% used [0x00000007ffe80000,0x00000007ffeb8000,0x0000000800000000)
  to   space 1536K, 0% used [0x00000007ffd00000,0x00000007ffd00000,0x00000007ffe80000)
 ParOldGen       total 2097152K, used 776K [0x0000000740000000, 0x00000007c0000000, 0x00000007c0000000)
  object space 2097152K, 0% used [0x0000000740000000,0x00000007400c2060,0x00000007c0000000)
 PSPermGen       total 21504K, used 5421K [0x000000073ae00000, 0x000000073c300000, 0x0000000740000000)
  object space 21504K, 25% used [0x000000073ae00000,0x000000073b34b698,0x000000073c300000)
Event: 17.974 GC heap after
Heap after GC invocations=13 (full 0):
 PSYoungGen      total 1047040K, used 288K [0x00000007c0000000, 0x0000000800000000, 0x0000000800000000)
  eden space 1045504K, 0% used [0x00000007c0000000,0x00000007c0000000,0x00000007ffd00000)
  from space 1536K, 18% used [0x00000007ffd00000,0x00000007ffd48000,0x00000007ffe80000)
  to   space 1536K, 0% used [0x00000007ffe80000,0x00000007ffe80000,0x0000000800000000)
 ParOldGen       total 2097152K, used 776K [0x0000000740000000, 0x00000007c0000000, 0x00000007c0000000)
  object space 2097152K, 0% used [0x0000000740000000,0x00000007400c2060,0x00000007c0000000)
 PSPermGen       total 21504K, used 5421K [0x000000073ae00000, 0x000000073c300000, 0x0000000740000000)
  object space 21504K, 25% used [0x000000073ae00000,0x000000073b34b698,0x000000073c300000)
}
Event: 18.864 GC heap before
{Heap before GC invocations=14 (full 0):
 PSYoungGen      total 1047040K, used 1045792K [0x00000007c0000000, 0x0000000800000000, 0x0000000800000000)
  eden space 1045504K, 100% used [0x00000007c0000000,0x00000007ffd00000,0x00000007ffd00000)
  from space 1536K, 18% used [0x00000007ffd00000,0x00000007ffd48000,0x00000007ffe80000)
  to   space 1536K, 0% used [0x00000007ffe80000,0x00000007ffe80000,0x0000000800000000)
 ParOldGen       total 2097152K, used 776K [0x0000000740000000, 0x00000007c0000000, 0x00000007c0000000)
  object space 2097152K, 0% used [0x0000000740000000,0x00000007400c2060,0x00000007c0000000)
 PSPermGen       total 21504K, used 5421K [0x000000073ae00000, 0x000000073c300000, 0x0000000740000000)
  object space 21504K, 25% used [0x000000073ae00000,0x000000073b34b698,0x000000073c300000)
Event: 18.864 GC heap after
Heap after GC invocations=14 (full 0):
 PSYoungGen      total 1047040K, used 224K [0x00000007c0000000, 0x0000000800000000, 0x0000000800000000)
  eden space 1045504K, 0% used [0x00000007c0000000,0x00000007c0000000,0x00000007ffd00000)
  from space 1536K, 14% used [0x00000007ffe80000,0x00000007ffeb8000,0x0000000800000000)
  to   space 1536K, 0% used [0x00000007ffd00000,0x00000007ffd00000,0x00000007ffe80000)
 ParOldGen       total 2097152K, used 776K [0x0000000740000000, 0x00000007c0000000, 0x00000007c0000000)
  object space 2097152K, 0% used [0x0000000740000000,0x00000007400c2060,0x00000007c0000000)
 PSPermGen       total 21504K, used 5421K [0x000000073ae00000, 0x000000073c300000, 0x0000000740000000)
  object space 21504K, 25% used [0x000000073ae00000,0x000000073b34b698,0x000000073c300000)
}

